  AboutDialog.cpp
  ActivateDialog.cpp
  LicenseDialog.cpp
  MainMenu.cpp
  PrintPanel.cpp
  App.cpp
  Border.cpp
  Buffer.cpp
  CustomerDialog.cpp
  CustomDialog.cpp
  Design.cpp
  _WIN32_WINNT not defined. Defaulting to _WIN32_WINNT_MAXVER (see WinSDKVer.h)
  FeedbackPanel.cpp
  PropertiesPanel.cpp
  UserInterface.cpp
  Image.cpp
  imgui.cpp
  imgui_demo.cpp
  imgui_draw.cpp
  imgui_impl_opengl3.cpp
  imgui_impl_sdl.cpp
  Compiling...
  imgui_tables.cpp
  imgui_widgets.cpp
  Input.cpp
  Main.cpp
  MessageDialog.cpp
  Plate.cpp
  Registration.cpp
  Screen.cpp
  Shader.cpp
  Text.cpp
  Texture.cpp
  Transform.cpp
  Tutorial.cpp
  Utility.cpp
  ModePanel.cpp
  gl.c
  Generating code
  Previous IPDB was built with incompatible compiler, fall back to full compilation.
  All 3497 functions were compiled because no usable IPDB/IOBJ from previous compilation was found.
  Finished generating code
  NPS.vcxproj -> D:\Dropbox\Documents\Freelance\Nadim Tahir\NPS\Release\NPS.exe
